{
  "success": false,
  "score": 0.0,
  "error_type": "pytest_failure",
  "details": {
    "error_message": "Pytest failed:\n...F.                                                                    [100%]\n================================== FAILURES ===================================\n_____________________________ test_invalid_length _____________________________\n\n    def test_invalid_length():\n        \"\"\"Test that invalid lengths raise ValueError.\"\"\"\n        with pytest.raises(ValueError):\n            normalize_phone(\"123456789\")  # 9 digits\n>       with pytest.raises(ValueError):\n             ^^^^^^^^^^^^^^^^^^^^^^^^^\nE       Failed: DID NOT RAISE <class 'ValueError'>\n\ntest_solution.py:28: Failed\n=========================== short test summary info ===========================\nFAILED test_solution.py::test_invalid_length - Failed: DID NOT RAISE <class '...\n1 failed, 4 passed in 0.06s\n\n",
    "stdout": "...F.                                                                    [100%]\n================================== FAILURES ===================================\n_____________________________ test_invalid_length _____________________________\n\n    def test_invalid_length():\n        \"\"\"Test that invalid lengths raise ValueError.\"\"\"\n        with pytest.raises(ValueError):\n            normalize_phone(\"123456789\")  # 9 digits\n>       with pytest.raises(ValueError):\n             ^^^^^^^^^^^^^^^^^^^^^^^^^\nE       Failed: DID NOT RAISE <class 'ValueError'>\n\ntest_solution.py:28: Failed\n=========================== short test summary info ===========================\nFAILED test_solution.py::test_invalid_length - Failed: DID NOT RAISE <class '...\n1 failed, 4 passed in 0.06s\n",
    "stderr": "",
    "exit_code": 1
  }
}